d:\users\jason\documents\visual studio 2017\projects\get_dy_barrage\get_dy_barrage\debug\vc141.pdb
d:\users\jason\documents\visual studio 2017\projects\get_dy_barrage\get_dy_barrage\debug\vc141.idb
d:\users\jason\documents\visual studio 2017\projects\get_dy_barrage\get_dy_barrage\debug\data_def.obj
d:\users\jason\documents\visual studio 2017\projects\get_dy_barrage\get_dy_barrage\debug\dy_barrage_client.obj
d:\users\jason\documents\visual studio 2017\projects\get_dy_barrage\get_dy_barrage\debug\dy_encoder.obj
d:\users\jason\documents\visual studio 2017\projects\get_dy_barrage\get_dy_barrage\debug\get_dy_barrage.obj
d:\users\jason\documents\visual studio 2017\projects\get_dy_barrage\debug\get_dy_barrage.ilk
d:\users\jason\documents\visual studio 2017\projects\get_dy_barrage\debug\get_dy_barrage.exe
d:\users\jason\documents\visual studio 2017\projects\get_dy_barrage\debug\get_dy_barrage.pdb
c:\users\jason\source\repos\douyuplays\get_dy_barrage\debug\data_def.obj
c:\users\jason\source\repos\douyuplays\get_dy_barrage\debug\dy_barrage_client.obj
c:\users\jason\source\repos\douyuplays\get_dy_barrage\debug\dy_encoder.obj
c:\users\jason\source\repos\douyuplays\get_dy_barrage\debug\get_dy_barrage.obj
c:\users\jason\source\repos\douyuplays\get_dy_barrage\debug\vc141.idb
c:\users\jason\source\repos\douyuplays\get_dy_barrage\debug\vc141.pdb
c:\users\jason\source\repos\douyuplays\debug\get_dy_barrage.pdb
c:\users\jason\source\repos\douyuplays\debug\get_dy_barrage.exe
c:\users\jason\source\repos\douyuplays\debug\get_dy_barrage.ilk
c:\users\jason\source\repos\douyuplays\get_dy_barrage\debug\get_dy_barrage.tlog\cl.command.1.tlog
c:\users\jason\source\repos\douyuplays\get_dy_barrage\debug\get_dy_barrage.tlog\cl.read.1.tlog
c:\users\jason\source\repos\douyuplays\get_dy_barrage\debug\get_dy_barrage.tlog\cl.write.1.tlog
c:\users\jason\source\repos\douyuplays\get_dy_barrage\debug\get_dy_barrage.tlog\link.command.1.tlog
c:\users\jason\source\repos\douyuplays\get_dy_barrage\debug\get_dy_barrage.tlog\link.read.1.tlog
c:\users\jason\source\repos\douyuplays\get_dy_barrage\debug\get_dy_barrage.tlog\link.write.1.tlog
